This is pdfTeX, Version 3.1415926-2.5-1.40.14 (TeX Live 2013) (format=pdflatex 2014.4.29)  2 MAY 2014 12:07
entering extended mode
 restricted \write18 enabled.
 %&-line parsing enabled.
**naaclhlt2013.tex
(./naaclhlt2013.tex
LaTeX2e <2011/06/27>
Babel <3.9f> and hyphenation patterns for 78 languages loaded.
(/usr/local/texlive/2013/texmf-dist/tex/latex/base/article.cls
Document Class: article 2007/10/19 v1.4h Standard LaTeX document class
(/usr/local/texlive/2013/texmf-dist/tex/latex/base/size11.clo
File: size11.clo 2007/10/19 v1.4h Standard LaTeX file (size option)
)
\c@part=\count79
\c@section=\count80
\c@subsection=\count81
\c@subsubsection=\count82
\c@paragraph=\count83
\c@subparagraph=\count84
\c@figure=\count85
\c@table=\count86
\abovecaptionskip=\skip41
\belowcaptionskip=\skip42
\bibindent=\dimen102
)
(./naaclhlt2013.sty
Conference Style for NAACL-HLT 2012 -- released August 30, 2011
\titlebox=\skip43
) (/usr/local/texlive/2013/texmf-dist/tex/latex/psnfss/times.sty
Package: times 2005/04/12 PSNFSS-v9.2a (SPQR) 
)
(/usr/local/texlive/2013/texmf-dist/tex/latex/base/latexsym.sty
Package: latexsym 1998/08/17 v2.2e Standard LaTeX package (lasy symbols)
\symlasy=\mathgroup4
LaTeX Font Info:    Overwriting symbol font `lasy' in version `bold'
(Font)                  U/lasy/m/n --> U/lasy/b/n on input line 47.
)
(./naaclhlt2013.aux)
\openout1 = `naaclhlt2013.aux'.

LaTeX Font Info:    Checking defaults for OML/cmm/m/it on input line 27.
LaTeX Font Info:    ... okay on input line 27.
LaTeX Font Info:    Checking defaults for T1/cmr/m/n on input line 27.
LaTeX Font Info:    ... okay on input line 27.
LaTeX Font Info:    Checking defaults for OT1/cmr/m/n on input line 27.
LaTeX Font Info:    ... okay on input line 27.
LaTeX Font Info:    Checking defaults for OMS/cmsy/m/n on input line 27.
LaTeX Font Info:    ... okay on input line 27.
LaTeX Font Info:    Checking defaults for OMX/cmex/m/n on input line 27.
LaTeX Font Info:    ... okay on input line 27.
LaTeX Font Info:    Checking defaults for U/cmr/m/n on input line 27.
LaTeX Font Info:    ... okay on input line 27.
LaTeX Font Info:    Try loading font information for OT1+ptm on input line 27.

(/usr/local/texlive/2013/texmf-dist/tex/latex/psnfss/ot1ptm.fd
File: ot1ptm.fd 2001/06/04 font definitions for OT1/ptm.
)
LaTeX Font Info:    Font shape `OT1/ptm/bx/n' in size <14.4> not available
(Font)              Font shape `OT1/ptm/b/n' tried instead on input line 28.
LaTeX Font Info:    External font `cmex10' loaded for size
(Font)              <12> on input line 28.
LaTeX Font Info:    External font `cmex10' loaded for size
(Font)              <8> on input line 28.
LaTeX Font Info:    External font `cmex10' loaded for size
(Font)              <6> on input line 28.
LaTeX Font Info:    Try loading font information for U+lasy on input line 28.

(/usr/local/texlive/2013/texmf-dist/tex/latex/base/ulasy.fd
File: ulasy.fd 1998/08/17 v2.2e LaTeX symbol font definitions
)
LaTeX Font Info:    Font shape `OT1/ptm/bx/n' in size <12> not available
(Font)              Font shape `OT1/ptm/b/n' tried instead on input line 28.
LaTeX Font Info:    Try loading font information for OT1+pcr on input line 28.

(/usr/local/texlive/2013/texmf-dist/tex/latex/psnfss/ot1pcr.fd
File: ot1pcr.fd 2001/06/04 font definitions for OT1/pcr.
)
Underfull \hbox (badness 2671) in paragraph at lines 30--31
\OT1/ptm/m/n/10 We present a method for con-struct-ing a
 []

LaTeX Font Info:    Font shape `OT1/ptm/bx/n' in size <10.95> not available
(Font)              Font shape `OT1/ptm/b/n' tried instead on input line 44.
LaTeX Font Info:    Try loading font information for OMS+ptm on input line 45.
(/usr/local/texlive/2013/texmf-dist/tex/latex/psnfss/omsptm.fd
File: omsptm.fd 
)
LaTeX Font Info:    Font shape `OMS/ptm/m/n' in size <10.95> not available
(Font)              Font shape `OMS/cmsy/m/n' tried instead on input line 45.
LaTeX Font Info:    External font `cmex10' loaded for size
(Font)              <10.95> on input line 78.

Underfull \hbox (badness 10000) in paragraph at lines 78--86
\OT1/ptm/m/n/10.95 NAACL HLT pro-vides this de-scrip-tion in
 []


Underfull \hbox (badness 10000) in paragraph at lines 78--86
\OT1/ptm/m/n/10.95 L[]T[]X2e (\OT1/pcr/m/n/10.95 naaclhlt2013.tex\OT1/ptm/m/n/1
0.95 ) and PDF
 []


Underfull \hbox (badness 10000) in paragraph at lines 78--86
\OT1/ptm/m/n/10.95 for-mat (\OT1/pcr/m/n/10.95 naaclhlt2013.pdf\OT1/ptm/m/n/10.
95 ), along with
 []


Underfull \hbox (badness 10000) in paragraph at lines 78--86
\OT1/ptm/m/n/10.95 the L[]T[]X2e style file used to for-mat it
 []


Underfull \hbox (badness 10000) in paragraph at lines 78--86
\OT1/ptm/m/n/10.95 A Mi-crosoft Word tem-plate file
 []


Underfull \hbox (badness 10000) in paragraph at lines 78--86
\OT1/ptm/m/n/10.95 (\OT1/pcr/m/n/10.95 naaclhlt2013.dot\OT1/ptm/m/n/10.95 ) is 
also avail-able at
 []


Underfull \vbox (badness 10000) has occurred while \output is active []

 [1{/usr/local/texlive/2013/texmf-var/fonts/map/pdftex/updmap/pdftex.map}




] [2]

LaTeX Warning: Citation `Gusfield:97' on page 3 undefined on input line 206.


LaTeX Warning: Citation `Gusfield:97' on page 3 undefined on input line 207.


LaTeX Warning: Citation `Aho:72' on page 3 undefined on input line 210.


LaTeX Warning: Citation `Chandra:81' on page 3 undefined on input line 211.


LaTeX Warning: Citation `Gusfield:97' on page 3 undefined on input line 212.


LaTeX Warning: Citation `Aho:72' on page 3 undefined on input line 212.


LaTeX Warning: Citation `APA:83' on page 3 undefined on input line 221.


LaTeX Warning: Citation `ACM:83' on page 3 undefined on input line 224.


Underfull \hbox (badness 3058) in paragraph at lines 226--229
[]\OT1/ptm/m/n/10.95 The L[]T[]X and BibT[]X style files pro-vided
 []

LaTeX Font Info:    External font `cmex10' loaded for size
(Font)              <9> on input line 241.
LaTeX Font Info:    External font `cmex10' loaded for size
(Font)              <5> on input line 241.

Underfull \vbox (badness 1584) has occurred while \output is active []

 [3]

LaTeX Warning: Citation `liang2005' on page 4 undefined on input line 292.


LaTeX Warning: Citation `brown1992class' on page 4 undefined on input line 294.


(./naaclhlt2013.bbl) [4] (./naaclhlt2013.aux) ) 
Here is how much of TeX's memory you used:
 423 strings out of 493315
 5504 string characters out of 6137904
 61158 words of memory out of 5000000
 3904 multiletter control sequences out of 15000+600000
 28133 words of font info for 62 fonts, out of 8000000 for 9000
 957 hyphenation exceptions out of 8191
 23i,9n,19p,507b,256s stack positions out of 5000i,500n,10000p,200000b,80000s
{/usr/local/texlive/2013/texmf-d
ist/fonts/enc/dvips/base/8r.enc}</usr/local/texlive/2013/texmf-dist/fonts/type1
/public/amsfonts/cm/cmsy10.pfb></usr/local/texlive/2013/texmf-dist/fonts/type1/
urw/courier/ucrr8a.pfb></usr/local/texlive/2013/texmf-dist/fonts/type1/urw/time
s/utmb8a.pfb></usr/local/texlive/2013/texmf-dist/fonts/type1/urw/times/utmr8a.p
fb></usr/local/texlive/2013/texmf-dist/fonts/type1/urw/times/utmri8a.pfb>
Output written on naaclhlt2013.pdf (4 pages, 79722 bytes).
PDF statistics:
 38 PDF objects out of 1000 (max. 8388607)
 26 compressed objects within 1 object stream
 0 named destinations out of 1000 (max. 500000)
 1 words of extra memory for PDF output out of 10000 (max. 10000000)

